Performing C SOURCE FILE Test CMAKE_HAVE_LIBC_PTHREAD failed with the following output:
Change Dir: /home/gibeom/slam/CubemapSLAM_EndToEnd_ver3/build/CMakeFiles/CMakeTmp

Run Build Command(s):/usr/bin/make cmTC_596cd/fast && /usr/bin/make -f CMakeFiles/cmTC_596cd.dir/build.make CMakeFiles/cmTC_596cd.dir/build
make[1]: 디렉터리 '/home/gibeom/slam/CubemapSLAM_EndToEnd_ver3/build/CMakeFiles/CMakeTmp' 들어감
Building C object CMakeFiles/cmTC_596cd.dir/src.c.o
/usr/bin/cc   -fPIC -DCMAKE_HAVE_LIBC_PTHREAD   -o CMakeFiles/cmTC_596cd.dir/src.c.o   -c /home/gibeom/slam/CubemapSLAM_EndToEnd_ver3/build/CMakeFiles/CMakeTmp/src.c
Linking C executable cmTC_596cd
/usr/local/bin/cmake -E cmake_link_script CMakeFiles/cmTC_596cd.dir/link.txt --verbose=1
/usr/bin/cc -fPIC -DCMAKE_HAVE_LIBC_PTHREAD    -rdynamic CMakeFiles/cmTC_596cd.dir/src.c.o  -o cmTC_596cd 
/usr/bin/ld: CMakeFiles/cmTC_596cd.dir/src.c.o: in function `main':
src.c:(.text+0x46): undefined reference to `pthread_create'
/usr/bin/ld: src.c:(.text+0x52): undefined reference to `pthread_detach'
/usr/bin/ld: src.c:(.text+0x63): undefined reference to `pthread_join'
collect2: error: ld returned 1 exit status
make[1]: *** [CMakeFiles/cmTC_596cd.dir/build.make:87: cmTC_596cd] 오류 1
make[1]: 디렉터리 '/home/gibeom/slam/CubemapSLAM_EndToEnd_ver3/build/CMakeFiles/CMakeTmp' 나감
make: *** [Makefile:121: cmTC_596cd/fast] 오류 2


Source file was:
#include <pthread.h>

void* test_func(void* data)
{
  return data;
}

int main(void)
{
  pthread_t thread;
  pthread_create(&thread, NULL, test_func, NULL);
  pthread_detach(thread);
  pthread_join(thread, NULL);
  pthread_atfork(NULL, NULL, NULL);
  pthread_exit(NULL);

  return 0;
}

Determining if the function pthread_create exists in the pthreads failed with the following output:
Change Dir: /home/gibeom/slam/CubemapSLAM_EndToEnd_ver3/build/CMakeFiles/CMakeTmp

Run Build Command(s):/usr/bin/make cmTC_69802/fast && /usr/bin/make -f CMakeFiles/cmTC_69802.dir/build.make CMakeFiles/cmTC_69802.dir/build
make[1]: 디렉터리 '/home/gibeom/slam/CubemapSLAM_EndToEnd_ver3/build/CMakeFiles/CMakeTmp' 들어감
Building C object CMakeFiles/cmTC_69802.dir/CheckFunctionExists.c.o
/usr/bin/cc   -fPIC -DCHECK_FUNCTION_EXISTS=pthread_create   -o CMakeFiles/cmTC_69802.dir/CheckFunctionExists.c.o   -c /usr/local/share/cmake-3.15/Modules/CheckFunctionExists.c
Linking C executable cmTC_69802
/usr/local/bin/cmake -E cmake_link_script CMakeFiles/cmTC_69802.dir/link.txt --verbose=1
/usr/bin/cc -fPIC -DCHECK_FUNCTION_EXISTS=pthread_create    -rdynamic CMakeFiles/cmTC_69802.dir/CheckFunctionExists.c.o  -o cmTC_69802 -lpthreads 
/usr/bin/ld: cannot find -lpthreads
collect2: error: ld returned 1 exit status
make[1]: *** [CMakeFiles/cmTC_69802.dir/build.make:87: cmTC_69802] 오류 1
make[1]: 디렉터리 '/home/gibeom/slam/CubemapSLAM_EndToEnd_ver3/build/CMakeFiles/CMakeTmp' 나감
make: *** [Makefile:121: cmTC_69802/fast] 오류 2



Performing C SOURCE FILE Test CMAKE_HAVE_LIBC_PTHREAD failed with the following output:
Change Dir: /home/gibeom/slam/CubemapSLAM_EndToEnd_ver3/build/CMakeFiles/CMakeTmp

Run Build Command(s):/usr/bin/ninja cmTC_f337d && [1/2] Building C object CMakeFiles/cmTC_f337d.dir/src.c.o
[2/2] Linking C executable cmTC_f337d
FAILED: cmTC_f337d 
: && /usr/bin/gcc -fPIC -DCMAKE_HAVE_LIBC_PTHREAD  -rdynamic CMakeFiles/cmTC_f337d.dir/src.c.o  -o cmTC_f337d   && :
/usr/bin/ld: CMakeFiles/cmTC_f337d.dir/src.c.o: in function `main':
src.c:(.text+0x46): undefined reference to `pthread_create'
/usr/bin/ld: src.c:(.text+0x52): undefined reference to `pthread_detach'
/usr/bin/ld: src.c:(.text+0x63): undefined reference to `pthread_join'
collect2: error: ld returned 1 exit status
ninja: build stopped: subcommand failed.


Source file was:
#include <pthread.h>

void* test_func(void* data)
{
  return data;
}

int main(void)
{
  pthread_t thread;
  pthread_create(&thread, NULL, test_func, NULL);
  pthread_detach(thread);
  pthread_join(thread, NULL);
  pthread_atfork(NULL, NULL, NULL);
  pthread_exit(NULL);

  return 0;
}

Determining if the function pthread_create exists in the pthreads failed with the following output:
Change Dir: /home/gibeom/slam/CubemapSLAM_EndToEnd_ver3/build/CMakeFiles/CMakeTmp

Run Build Command(s):/usr/bin/ninja cmTC_7435c && [1/2] Building C object CMakeFiles/cmTC_7435c.dir/CheckFunctionExists.c.o
[2/2] Linking C executable cmTC_7435c
FAILED: cmTC_7435c 
: && /usr/bin/gcc -fPIC -DCHECK_FUNCTION_EXISTS=pthread_create  -rdynamic CMakeFiles/cmTC_7435c.dir/CheckFunctionExists.c.o  -o cmTC_7435c  -lpthreads && :
/usr/bin/ld: cannot find -lpthreads
collect2: error: ld returned 1 exit status
ninja: build stopped: subcommand failed.



